<?xml version="1.0" encoding="UTF-8"?>
<testng-results ignored="0" total="1" passed="1" failed="0" skipped="0">
  <reporter-output>
  </reporter-output>
  <suite started-at="2019-09-26T13:43:12Z" name="Suite" finished-at="2019-09-26T13:43:12Z" duration-ms="207">
    <groups>
    </groups>
    <test started-at="2019-09-26T13:43:12Z" name="Test" finished-at="2019-09-26T13:43:12Z" duration-ms="207">
      <class name="Automation.pipeline.Sample">
        <test-method signature="testEx()[pri:0, instance:Automation.pipeline.Sample@385e9564]" started-at="2019-09-26T13:43:12Z" name="testEx" finished-at="2019-09-26T13:43:12Z" duration-ms="39" status="PASS">
          <reporter-output>
          </reporter-output>
        </test-method> <!-- testEx -->
      </class> <!-- Automation.pipeline.Sample -->
    </test> <!-- Test -->
  </suite> <!-- Suite -->
</testng-results>
